<?xml version="1.0" encoding="UTF-8"?>
<testng-results ignored="0" total="1" passed="1" failed="0" skipped="0">
  <reporter-output>
  </reporter-output>
  <suite started-at="2023-11-02T17:52:44 IST" name="Default suite" finished-at="2023-11-02T17:52:57 IST" duration-ms="12668">
    <groups>
    </groups>
    <test started-at="2023-11-02T17:52:44 IST" name="Default test" finished-at="2023-11-02T17:52:57 IST" duration-ms="12668">
      <class name="com.anvsystems.tests.LoginTest">
        <test-method is-config="true" signature="beforeSuite()[pri:0, instance:com.anvsystems.tests.LoginTest@31304f14]" started-at="2023-11-02T17:52:44 IST" name="beforeSuite" finished-at="2023-11-02T17:52:44 IST" duration-ms="38" status="PASS">
          <reporter-output>
          </reporter-output>
        </test-method> <!-- beforeSuite -->
        <test-method is-config="true" signature="beforeMethod()[pri:0, instance:com.anvsystems.tests.LoginTest@31304f14]" started-at="2023-11-02T17:52:44 IST" name="beforeMethod" finished-at="2023-11-02T17:52:47 IST" duration-ms="2604" status="PASS">
          <reporter-output>
          </reporter-output>
        </test-method> <!-- beforeMethod -->
        <test-method signature="loginTestWithValidCredentials()[pri:0, instance:com.anvsystems.tests.LoginTest@31304f14]" started-at="2023-11-02T17:52:47 IST" name="loginTestWithValidCredentials" finished-at="2023-11-02T17:52:57 IST" duration-ms="9632" status="PASS">
          <reporter-output>
          </reporter-output>
        </test-method> <!-- loginTestWithValidCredentials -->
        <test-method is-config="true" signature="afterMethod()[pri:0, instance:com.anvsystems.tests.LoginTest@31304f14]" started-at="2023-11-02T17:52:57 IST" name="afterMethod" finished-at="2023-11-02T17:52:57 IST" duration-ms="351" status="PASS">
          <reporter-output>
          </reporter-output>
        </test-method> <!-- afterMethod -->
        <test-method is-config="true" signature="afterSuite()[pri:0, instance:com.anvsystems.tests.LoginTest@31304f14]" started-at="2023-11-02T17:52:57 IST" name="afterSuite" finished-at="2023-11-02T17:52:57 IST" duration-ms="1" status="PASS">
          <reporter-output>
          </reporter-output>
        </test-method> <!-- afterSuite -->
      </class> <!-- com.anvsystems.tests.LoginTest -->
    </test> <!-- Default test -->
  </suite> <!-- Default suite -->
</testng-results>
